<?xml version="1.0" encoding="UTF-8"?>
<!-- Generated by org.testng.reporters.JUnitXMLReporter -->
<testsuite ignored="0" hostname="Sarath" failures="0" tests="3" name="Submit Order Test" time="43.203" errors="0" timestamp="2025-03-08T18:27:50 IST">
  <testcase classname="Seleniumproject.tests.SubmitOrderTest" name="submitOrder" time="12.719"/>
  <testcase classname="Seleniumproject.tests.SubmitOrderTest" name="submitOrder" time="9.978"/>
  <testcase classname="Seleniumproject.tests.SubmitOrderTest" name="OrderHistoryTest" time="5.643"/>
</testsuite> <!-- Submit Order Test -->
