<?xml version="1.0" encoding="UTF-8"?>
<!-- Generated by org.testng.reporters.JUnitXMLReporter -->
<testsuite ignored="0" hostname="Sarath" failures="0" tests="2" name="Error Validations Test" time="19.039" errors="0" timestamp="2025-03-16T00:59:51 IST">
  <testcase classname="Seleniumproject.tests.ErrorValidationsTest" name="LoginErrorValidation" time="1.219"/>
  <testcase classname="Seleniumproject.tests.ErrorValidationsTest" name="ProductErrorValidation" time="3.424"/>
</testsuite> <!-- Error Validations Test -->
