<?xml version="1.0" encoding="UTF-8"?>
<!-- Generated by org.testng.reporters.JUnitXMLReporter -->
<testsuite ignored="0" hostname="Sarath" failures="0" tests="3" name="Submit Order Test" time="46.2" errors="0" timestamp="2025-03-16T01:00:17 IST">
  <testcase classname="Seleniumproject.tests.SubmitOrderTest" name="submitOrder" time="10.948"/>
  <testcase classname="Seleniumproject.tests.SubmitOrderTest" name="submitOrder" time="10.827"/>
  <testcase classname="Seleniumproject.tests.SubmitOrderTest" name="OrderHistoryTest" time="4.575"/>
</testsuite> <!-- Submit Order Test -->
