<?xml version="1.0" encoding="UTF-8"?>
<testng-results ignored="0" total="5" passed="5" failed="0" skipped="0">
  <reporter-output>
  </reporter-output>
  <suite started-at="2025-03-16T00:59:31 IST" name="Suite" finished-at="2025-03-16T01:00:17 IST" duration-ms="46200">
    <groups>
      <group name="ErrorHandling">
        <method signature="ErrorValidationsTest.LoginErrorValidation()[pri:0, instance:Seleniumproject.tests.ErrorValidationsTest@311bf055]" name="LoginErrorValidation" class="Seleniumproject.tests.ErrorValidationsTest"/>
      </group> <!-- ErrorHandling -->
      <group name="Purchase">
        <method signature="SubmitOrderTest.submitOrder(java.util.HashMap)[pri:0, instance:Seleniumproject.tests.SubmitOrderTest@15a34df2]" name="submitOrder" class="Seleniumproject.tests.SubmitOrderTest"/>
      </group> <!-- Purchase -->
    </groups>
    <test started-at="2025-03-16T00:59:31 IST" name="Error Validations Test" finished-at="2025-03-16T00:59:50 IST" duration-ms="19039">
      <class name="Seleniumproject.tests.ErrorValidationsTest">
        <test-method is-config="true" signature="launchApplication()[pri:0, instance:Seleniumproject.tests.ErrorValidationsTest@311bf055]" started-at="2025-03-16T00:59:31 IST" name="launchApplication" finished-at="2025-03-16T00:59:41 IST" duration-ms="10052" status="PASS">
          <reporter-output>
          </reporter-output>
        </test-method> <!-- launchApplication -->
        <test-method signature="LoginErrorValidation()[pri:0, instance:Seleniumproject.tests.ErrorValidationsTest@311bf055]" started-at="2025-03-16T00:59:41 IST" name="LoginErrorValidation" finished-at="2025-03-16T00:59:42 IST" duration-ms="1219" status="PASS">
          <reporter-output>
          </reporter-output>
        </test-method> <!-- LoginErrorValidation -->
        <test-method is-config="true" signature="closeDown()[pri:0, instance:Seleniumproject.tests.ErrorValidationsTest@311bf055]" started-at="2025-03-16T00:59:42 IST" name="closeDown" finished-at="2025-03-16T00:59:42 IST" duration-ms="236" status="PASS">
          <reporter-output>
          </reporter-output>
        </test-method> <!-- closeDown -->
        <test-method is-config="true" signature="launchApplication()[pri:0, instance:Seleniumproject.tests.ErrorValidationsTest@311bf055]" started-at="2025-03-16T00:59:42 IST" name="launchApplication" finished-at="2025-03-16T00:59:46 IST" duration-ms="3670" status="PASS">
          <reporter-output>
          </reporter-output>
        </test-method> <!-- launchApplication -->
        <test-method signature="ProductErrorValidation()[pri:0, instance:Seleniumproject.tests.ErrorValidationsTest@311bf055]" started-at="2025-03-16T00:59:46 IST" name="ProductErrorValidation" finished-at="2025-03-16T00:59:50 IST" duration-ms="3424" status="PASS">
          <reporter-output>
          </reporter-output>
        </test-method> <!-- ProductErrorValidation -->
        <test-method is-config="true" signature="closeDown()[pri:0, instance:Seleniumproject.tests.ErrorValidationsTest@311bf055]" started-at="2025-03-16T00:59:50 IST" name="closeDown" finished-at="2025-03-16T00:59:50 IST" duration-ms="236" status="PASS">
          <reporter-output>
          </reporter-output>
        </test-method> <!-- closeDown -->
      </class> <!-- Seleniumproject.tests.ErrorValidationsTest -->
    </test> <!-- Error Validations Test -->
    <test started-at="2025-03-16T00:59:31 IST" name="Submit Order Test" finished-at="2025-03-16T01:00:17 IST" duration-ms="46200">
      <class name="Seleniumproject.tests.SubmitOrderTest">
        <test-method is-config="true" signature="launchApplication()[pri:0, instance:Seleniumproject.tests.SubmitOrderTest@15a34df2]" started-at="2025-03-16T00:59:32 IST" name="launchApplication" finished-at="2025-03-16T00:59:40 IST" duration-ms="8429" status="PASS">
          <reporter-output>
          </reporter-output>
        </test-method> <!-- launchApplication -->
        <test-method signature="submitOrder(java.util.HashMap)[pri:0, instance:Seleniumproject.tests.SubmitOrderTest@15a34df2]" started-at="2025-03-16T00:59:40 IST" name="submitOrder" data-provider="getData" finished-at="2025-03-16T00:59:51 IST" duration-ms="10948" status="PASS">
          <params>
            <param index="0">
              <value>
                <![CDATA[{password=Zsk@152374, product=ADIDAS ORIGINAL, email=sarathkumar@gmail.com}]]>
              </value>
            </param>
          </params>
          <reporter-output>
          </reporter-output>
        </test-method> <!-- submitOrder -->
        <test-method is-config="true" signature="closeDown()[pri:0, instance:Seleniumproject.tests.SubmitOrderTest@15a34df2]" started-at="2025-03-16T00:59:51 IST" name="closeDown" finished-at="2025-03-16T00:59:52 IST" duration-ms="259" status="PASS">
          <reporter-output>
          </reporter-output>
        </test-method> <!-- closeDown -->
        <test-method is-config="true" signature="launchApplication()[pri:0, instance:Seleniumproject.tests.SubmitOrderTest@15a34df2]" started-at="2025-03-16T00:59:52 IST" name="launchApplication" finished-at="2025-03-16T00:59:56 IST" duration-ms="4837" status="PASS">
          <reporter-output>
          </reporter-output>
        </test-method> <!-- launchApplication -->
        <test-method signature="submitOrder(java.util.HashMap)[pri:0, instance:Seleniumproject.tests.SubmitOrderTest@15a34df2]" started-at="2025-03-16T00:59:56 IST" name="submitOrder" data-provider="getData" finished-at="2025-03-16T01:00:07 IST" duration-ms="10827" status="PASS">
          <params>
            <param index="0">
              <value>
                <![CDATA[{password=Kumari@1523, product=ADIDAS ORIGINAL, email=Naga@gmail.com}]]>
              </value>
            </param>
          </params>
          <reporter-output>
          </reporter-output>
        </test-method> <!-- submitOrder -->
        <test-method is-config="true" signature="closeDown()[pri:0, instance:Seleniumproject.tests.SubmitOrderTest@15a34df2]" started-at="2025-03-16T01:00:07 IST" name="closeDown" finished-at="2025-03-16T01:00:08 IST" duration-ms="335" status="PASS">
          <reporter-output>
          </reporter-output>
        </test-method> <!-- closeDown -->
        <test-method is-config="true" signature="launchApplication()[pri:0, instance:Seleniumproject.tests.SubmitOrderTest@15a34df2]" started-at="2025-03-16T01:00:08 IST" name="launchApplication" finished-at="2025-03-16T01:00:12 IST" duration-ms="4502" status="PASS">
          <reporter-output>
          </reporter-output>
        </test-method> <!-- launchApplication -->
        <test-method signature="OrderHistoryTest()[pri:0, instance:Seleniumproject.tests.SubmitOrderTest@15a34df2]" started-at="2025-03-16T01:00:12 IST" name="OrderHistoryTest" finished-at="2025-03-16T01:00:17 IST" depends-on-methods="Seleniumproject.tests.SubmitOrderTest.submitOrder" duration-ms="4575" status="PASS">
          <reporter-output>
          </reporter-output>
        </test-method> <!-- OrderHistoryTest -->
        <test-method is-config="true" signature="closeDown()[pri:0, instance:Seleniumproject.tests.SubmitOrderTest@15a34df2]" started-at="2025-03-16T01:00:17 IST" name="closeDown" finished-at="2025-03-16T01:00:17 IST" duration-ms="253" status="PASS">
          <reporter-output>
          </reporter-output>
        </test-method> <!-- closeDown -->
      </class> <!-- Seleniumproject.tests.SubmitOrderTest -->
    </test> <!-- Submit Order Test -->
  </suite> <!-- Suite -->
</testng-results>
